<?xml version="1.0" encoding="UTF-8"?>
<testng-results ignored="0" total="1" passed="1" failed="0" skipped="0">
  <reporter-output>
  </reporter-output>
  <suite started-at="2020-06-01T12:38:08 EEST" name="Command line suite" finished-at="2020-06-01T12:38:16 EEST" duration-ms="8415">
    <groups>
    </groups>
    <test started-at="2020-06-01T12:38:08 EEST" name="Command line test" finished-at="2020-06-01T12:38:16 EEST" duration-ms="8415">
      <class name="FirstTest">
        <test-method signature="test2()[pri:0, instance:FirstTest@3a0baae5]" started-at="2020-06-01T12:38:08 EEST" name="test2" finished-at="2020-06-01T12:38:16 EEST" duration-ms="8382" status="PASS">
          <reporter-output>
          </reporter-output>
        </test-method> <!-- test2 -->
      </class> <!-- FirstTest -->
    </test> <!-- Command line test -->
  </suite> <!-- Command line suite -->
</testng-results>
